apps/wear-watchface/watchface/build/intermediates/manifest_merge_blame_file/debug/processDebugMainManifest/manifest-merger-blame-debug-report.txt
1<?xml version="1.0" encoding="utf-8"?>
2<manifest xmlns:android="http://schemas.android.com/apk/res/android"
3    package="com.islamicdaydial.watchface"
4    android:versionCode="1"
5    android:versionName="0.1.0" >
6
7    <uses-sdk
8        android:minSdkVersion="34"
9        android:targetSdkVersion="34" />
10
11    <uses-feature android:name="android.hardware.type.watch" />
11-->src/main/AndroidManifest.xml:4:5-64
11-->src/main/AndroidManifest.xml:4:19-61
12
13    <application
13-->src/main/AndroidManifest.xml:6:5-19:19
14        android:allowBackup="true"
14-->src/main/AndroidManifest.xml:7:9-35
15        android:debuggable="true"
16        android:extractNativeLibs="false"
17        android:hasCode="false"
17-->src/main/AndroidManifest.xml:10:9-32
18        android:icon="@drawable/ic_launcher"
18-->src/main/AndroidManifest.xml:8:9-45
19        android:label="@string/watch_face_name"
19-->src/main/AndroidManifest.xml:9:9-48
20        android:supportsRtl="true"
20-->src/main/AndroidManifest.xml:11:9-35
21        android:theme="@android:color/black" >
21-->src/main/AndroidManifest.xml:12:9-45
22        <property
22-->src/main/AndroidManifest.xml:13:9-15:33
23            android:name="com.google.wear.watchface.format.version"
23-->src/main/AndroidManifest.xml:14:13-68
24            android:value="2" />
24-->src/main/AndroidManifest.xml:15:13-30
25
26        <meta-data
26-->src/main/AndroidManifest.xml:16:9-18:36
27            android:name="com.google.android.wearable.standalone"
27-->src/main/AndroidManifest.xml:17:13-66
28            android:value="true" />
28-->src/main/AndroidManifest.xml:18:13-33
29    </application>
30
31</manifest>